/home/cky/workspace/markdown/
/home/cky/workspace/markdown//C++程序设计
/home/cky/workspace/markdown//C程序设计
/home/cky/workspace/markdown//Linux操作系统
/home/cky/workspace/markdown//MongoDB数据库
/home/cky/workspace/markdown//MySQL数据库
/home/cky/workspace/markdown//PHP程序设计
/home/cky/workspace/markdown//PHP程序设计/API
/home/cky/workspace/markdown//PHP程序设计/Yii2
/home/cky/workspace/markdown//PHP程序设计/workerman
/home/cky/workspace/markdown//Redis数据库
/home/cky/workspace/markdown//Shell程序设计
/home/cky/workspace/markdown//产品设计
/home/cky/workspace/markdown//前端程序设计
/home/cky/workspace/markdown//前端程序设计/htmlcss
/home/cky/workspace/markdown//前端程序设计/js
/home/cky/workspace/markdown//前端程序设计/node
/home/cky/workspace/markdown//前端程序设计/协议架构优化性能
/home/cky/workspace/markdown//前端程序设计/安全
/home/cky/workspace/markdown//常用软件
/home/cky/workspace/markdown//常用软件/svn
/home/cky/workspace/markdown//杂类
/home/cky/workspace/markdown//杂类/android
/home/cky/workspace/markdown//杂类/android/java
/home/cky/workspace/markdown//杂类/android/第一行代码
/home/cky/workspace/markdown//杂类/book
/home/cky/workspace/markdown//杂类/book/unixlinux系统管理技术手册
/home/cky/workspace/markdown//杂类/book/微机原理与接口
/home/cky/workspace/markdown//杂类/book/操作系统精髓与设计原理
/home/cky/workspace/markdown//杂类/book/深入理解计算机系统
/home/cky/workspace/markdown//游戏开发
/home/cky/workspace/markdown//算法
